  Compiling CUDA source file kernel.cu...
  
  C:\Users\jw\Desktop\CudaRuntime1\CudaRuntime1>"C:\Program Files\NVIDIA GPU Computing Toolkit\CUDA\v12.1\bin\nvcc.exe" -gencode=arch=compute_52,code=\"sm_52,compute_52\" --use-local-env -ccbin "C:\Program Files\Microsoft Visual Studio\2022\Community\VC\Tools\MSVC\14.35.32215\bin\HostX64\x64" -x cu   -I"C:\Program Files\NVIDIA GPU Computing Toolkit\CUDA\v12.1\include" -I"C:\Program Files\NVIDIA GPU Computing Toolkit\CUDA\v12.1\include"  -G   --keep-dir x64\Debug  -maxrregcount=0   --machine 64 --compile -cudart static  -g  -DWIN32 -DWIN64 -D_DEBUG -D_CONSOLE -D_MBCS -Xcompiler "/EHsc /W3 /nologo /Od /FS /Zi /RTC1 /MDd " -Xcompiler "/Fdx64\Debug\vc143.pdb" -o C:\Users\jw\Desktop\CudaRuntime1\CudaRuntime1\x64\Debug\kernel.cu.obj "C:\Users\jw\Desktop\CudaRuntime1\CudaRuntime1\kernel.cu" 
C:\Program Files\NVIDIA GPU Computing Toolkit\CUDA\v12.1\include\driver_types.h(1327): warning C4819: 현재 코드 페이지(949)에서 표시할 수 없는 문자가 파일에 들어 있습니다. 데이터가 손실되지 않게 하려면 해당 파일을 유니코드 형식으로 저장하십시오.
C:\Program Files\NVIDIA GPU Computing Toolkit\CUDA\v12.1\include\driver_types.h(1327): warning C4819: 현재 코드 페이지(949)에서 표시할 수 없는 문자가 파일에 들어 있습니다. 데이터가 손실되지 않게 하려면 해당 파일을 유니코드 형식으로 저장하십시오.
C:\Program Files\NVIDIA GPU Computing Toolkit\CUDA\v12.1\include\driver_types.h(1327): warning C4819: 현재 코드 페이지(949)에서 표시할 수 없는 문자가 파일에 들어 있습니다. 데이터가 손실되지 않게 하려면 해당 파일을 유니코드 형식으로 저장하십시오.
C:\Program Files\NVIDIA GPU Computing Toolkit\CUDA\v12.1\include\driver_types.h(1327): warning C4819: 현재 코드 페이지(949)에서 표시할 수 없는 문자가 파일에 들어 있습니다. 데이터가 손실되지 않게 하려면 해당 파일을 유니코드 형식으로 저장하십시오.
C:\Program Files\NVIDIA GPU Computing Toolkit\CUDA\v12.1\include\driver_types.h(1327): warning C4819: 현재 코드 페이지(949)에서 표시할 수 없는 문자가 파일에 들어 있습니다. 데이터가 손실되지 않게 하려면 해당 파일을 유니코드 형식으로 저장하십시오.
C:\Program Files\NVIDIA GPU Computing Toolkit\CUDA\v12.1\include\cuda_runtime_api.h(11294): warning C4819: 현재 코드 페이지(949)에서 표시할 수 없는 문자가 파일에 들어 있습니다. 데이터가 손실되지 않게 하려면 해당 파일을 유니코드 형식으로 저장하십시오.
C:\Program Files\NVIDIA GPU Computing Toolkit\CUDA\v12.1\include\cuda_runtime_api.h(11294): warning C4819: 현재 코드 페이지(949)에서 표시할 수 없는 문자가 파일에 들어 있습니다. 데이터가 손실되지 않게 하려면 해당 파일을 유니코드 형식으로 저장하십시오.
C:\Program Files\NVIDIA GPU Computing Toolkit\CUDA\v12.1\include\driver_types.h(1327): warning C4819: 현재 코드 페이지(949)에서 표시할 수 없는 문자가 파일에 들어 있습니다. 데이터가 손실되지 않게 하려면 해당 파일을 유니코드 형식으로 저장하십시오.
C:\Program Files\NVIDIA GPU Computing Toolkit\CUDA\v12.1\include\driver_types.h(1327): warning C4819: 현재 코드 페이지(949)에서 표시할 수 없는 문자가 파일에 들어 있습니다. 데이터가 손실되지 않게 하려면 해당 파일을 유니코드 형식으로 저장하십시오.
C:\Program Files\NVIDIA GPU Computing Toolkit\CUDA\v12.1\include\cuda_runtime_api.h(11294): warning C4819: 현재 코드 페이지(949)에서 표시할 수 없는 문자가 파일에 들어 있습니다. 데이터가 손실되지 않게 하려면 해당 파일을 유니코드 형식으로 저장하십시오.
C:\Program Files\NVIDIA GPU Computing Toolkit\CUDA\v12.1\include\cuda_runtime_api.h(11294): warning C4819: 현재 코드 페이지(949)에서 표시할 수 없는 문자가 파일에 들어 있습니다. 데이터가 손실되지 않게 하려면 해당 파일을 유니코드 형식으로 저장하십시오.
C:\Program Files\NVIDIA GPU Computing Toolkit\CUDA\v12.1\include\driver_types.h(1327): warning C4819: 현재 코드 페이지(949)에서 표시할 수 없는 문자가 파일에 들어 있습니다. 데이터가 손실되지 않게 하려면 해당 파일을 유니코드 형식으로 저장하십시오.
C:\Program Files\NVIDIA GPU Computing Toolkit\CUDA\v12.1\include\driver_types.h(1327): warning C4819: 현재 코드 페이지(949)에서 표시할 수 없는 문자가 파일에 들어 있습니다. 데이터가 손실되지 않게 하려면 해당 파일을 유니코드 형식으로 저장하십시오.
C:\Program Files\NVIDIA GPU Computing Toolkit\CUDA\v12.1\include\driver_types.h(1327): warning C4819: 현재 코드 페이지(949)에서 표시할 수 없는 문자가 파일에 들어 있습니다. 데이터가 손실되지 않게 하려면 해당 파일을 유니코드 형식으로 저장하십시오.
C:\Program Files\NVIDIA GPU Computing Toolkit\CUDA\v12.1\include\driver_types.h(1327): warning C4819: 현재 코드 페이지(949)에서 표시할 수 없는 문자가 파일에 들어 있습니다. 데이터가 손실되지 않게 하려면 해당 파일을 유니코드 형식으로 저장하십시오.
C:\Program Files\NVIDIA GPU Computing Toolkit\CUDA\v12.1\include\driver_types.h(1327): warning C4819: 현재 코드 페이지(949)에서 표시할 수 없는 문자가 파일에 들어 있습니다. 데이터가 손실되지 않게 하려면 해당 파일을 유니코드 형식으로 저장하십시오.
C:\Program Files\NVIDIA GPU Computing Toolkit\CUDA\v12.1\include\cuda_runtime_api.h(11294): warning C4819: 현재 코드 페이지(949)에서 표시할 수 없는 문자가 파일에 들어 있습니다. 데이터가 손실되지 않게 하려면 해당 파일을 유니코드 형식으로 저장하십시오.
C:\Program Files\NVIDIA GPU Computing Toolkit\CUDA\v12.1\include\cuda_runtime_api.h(11294): warning C4819: 현재 코드 페이지(949)에서 표시할 수 없는 문자가 파일에 들어 있습니다. 데이터가 손실되지 않게 하려면 해당 파일을 유니코드 형식으로 저장하십시오.
C:\Program Files\NVIDIA GPU Computing Toolkit\CUDA\v12.1\include\driver_types.h(1327): warning C4819: 현재 코드 페이지(949)에서 표시할 수 없는 문자가 파일에 들어 있습니다. 데이터가 손실되지 않게 하려면 해당 파일을 유니코드 형식으로 저장하십시오.
C:\Program Files\NVIDIA GPU Computing Toolkit\CUDA\v12.1\include\driver_types.h(1327): warning C4819: 현재 코드 페이지(949)에서 표시할 수 없는 문자가 파일에 들어 있습니다. 데이터가 손실되지 않게 하려면 해당 파일을 유니코드 형식으로 저장하십시오.
C:\Program Files\NVIDIA GPU Computing Toolkit\CUDA\v12.1\include\cuda_runtime_api.h(11294): warning C4819: 현재 코드 페이지(949)에서 표시할 수 없는 문자가 파일에 들어 있습니다. 데이터가 손실되지 않게 하려면 해당 파일을 유니코드 형식으로 저장하십시오.
C:\Program Files\NVIDIA GPU Computing Toolkit\CUDA\v12.1\include\cuda_runtime_api.h(11294): warning C4819: 현재 코드 페이지(949)에서 표시할 수 없는 문자가 파일에 들어 있습니다. 데이터가 손실되지 않게 하려면 해당 파일을 유니코드 형식으로 저장하십시오.
C:\Program Files\NVIDIA GPU Computing Toolkit\CUDA\v12.1\include\cuda_runtime_api.h(11294): warning C4819: 현재 코드 페이지(949)에서 표시할 수 없는 문자가 파일에 들어 있습니다. 데이터가 손실되지 않게 하려면 해당 파일을 유니코드 형식으로 저장하십시오.
C:\Program Files\NVIDIA GPU Computing Toolkit\CUDA\v12.1\include\cuda_runtime_api.h(11294): warning C4819: 현재 코드 페이지(949)에서 표시할 수 없는 문자가 파일에 들어 있습니다. 데이터가 손실되지 않게 하려면 해당 파일을 유니코드 형식으로 저장하십시오.
C:\Program Files\NVIDIA GPU Computing Toolkit\CUDA\v12.1\include\cuda_runtime_api.h(11294): warning C4819: 현재 코드 페이지(949)에서 표시할 수 없는 문자가 파일에 들어 있습니다. 데이터가 손실되지 않게 하려면 해당 파일을 유니코드 형식으로 저장하십시오.
C:\Program Files\NVIDIA GPU Computing Toolkit\CUDA\v12.1\include\cuda_runtime_api.h(11294): warning C4819: 현재 코드 페이지(949)에서 표시할 수 없는 문자가 파일에 들어 있습니다. 데이터가 손실되지 않게 하려면 해당 파일을 유니코드 형식으로 저장하십시오.
C:\Program Files\NVIDIA GPU Computing Toolkit\CUDA\v12.1\include\cuda_runtime_api.h(11294): warning C4819: 현재 코드 페이지(949)에서 표시할 수 없는 문자가 파일에 들어 있습니다. 데이터가 손실되지 않게 하려면 해당 파일을 유니코드 형식으로 저장하십시오.
C:\Program Files\NVIDIA GPU Computing Toolkit\CUDA\v12.1\include\driver_types.h(1327): warning C4819: 현재 코드 페이지(949)에서 표시할 수 없는 문자가 파일에 들어 있습니다. 데이터가 손실되지 않게 하려면 해당 파일을 유니코드 형식으로 저장하십시오.
C:\Program Files\NVIDIA GPU Computing Toolkit\CUDA\v12.1\include\driver_types.h(1327): warning C4819: 현재 코드 페이지(949)에서 표시할 수 없는 문자가 파일에 들어 있습니다. 데이터가 손실되지 않게 하려면 해당 파일을 유니코드 형식으로 저장하십시오.
C:\Program Files\NVIDIA GPU Computing Toolkit\CUDA\v12.1\include\driver_types.h(1327): warning C4819: 현재 코드 페이지(949)에서 표시할 수 없는 문자가 파일에 들어 있습니다. 데이터가 손실되지 않게 하려면 해당 파일을 유니코드 형식으로 저장하십시오.
C:\Program Files\NVIDIA GPU Computing Toolkit\CUDA\v12.1\include\cuda_runtime_api.h(11294): warning C4819: 현재 코드 페이지(949)에서 표시할 수 없는 문자가 파일에 들어 있습니다. 데이터가 손실되지 않게 하려면 해당 파일을 유니코드 형식으로 저장하십시오.
C:\Program Files\NVIDIA GPU Computing Toolkit\CUDA\v12.1\include\cuda_runtime_api.h(11294): warning C4819: 현재 코드 페이지(949)에서 표시할 수 없는 문자가 파일에 들어 있습니다. 데이터가 손실되지 않게 하려면 해당 파일을 유니코드 형식으로 저장하십시오.
C:\Program Files\NVIDIA GPU Computing Toolkit\CUDA\v12.1\include\driver_types.h(1327): warning C4819: 현재 코드 페이지(949)에서 표시할 수 없는 문자가 파일에 들어 있습니다. 데이터가 손실되지 않게 하려면 해당 파일을 유니코드 형식으로 저장하십시오.
C:\Program Files\NVIDIA GPU Computing Toolkit\CUDA\v12.1\include\driver_types.h(1327): warning C4819: 현재 코드 페이지(949)에서 표시할 수 없는 문자가 파일에 들어 있습니다. 데이터가 손실되지 않게 하려면 해당 파일을 유니코드 형식으로 저장하십시오.
C:\Program Files\NVIDIA GPU Computing Toolkit\CUDA\v12.1\include\driver_types.h(1327): warning C4819: 현재 코드 페이지(949)에서 표시할 수 없는 문자가 파일에 들어 있습니다. 데이터가 손실되지 않게 하려면 해당 파일을 유니코드 형식으로 저장하십시오.
C:\Program Files\NVIDIA GPU Computing Toolkit\CUDA\v12.1\include\driver_types.h(1327): warning C4819: 현재 코드 페이지(949)에서 표시할 수 없는 문자가 파일에 들어 있습니다. 데이터가 손실되지 않게 하려면 해당 파일을 유니코드 형식으로 저장하십시오.
C:\Program Files\NVIDIA GPU Computing Toolkit\CUDA\v12.1\include\driver_types.h(1327): warning C4819: 현재 코드 페이지(949)에서 표시할 수 없는 문자가 파일에 들어 있습니다. 데이터가 손실되지 않게 하려면 해당 파일을 유니코드 형식으로 저장하십시오.
C:\Program Files\NVIDIA GPU Computing Toolkit\CUDA\v12.1\include\cuda_runtime_api.h(11294): warning C4819: 현재 코드 페이지(949)에서 표시할 수 없는 문자가 파일에 들어 있습니다. 데이터가 손실되지 않게 하려면 해당 파일을 유니코드 형식으로 저장하십시오.
C:\Program Files\NVIDIA GPU Computing Toolkit\CUDA\v12.1\include\cuda_runtime_api.h(11294): warning C4819: 현재 코드 페이지(949)에서 표시할 수 없는 문자가 파일에 들어 있습니다. 데이터가 손실되지 않게 하려면 해당 파일을 유니코드 형식으로 저장하십시오.
C:\Program Files\NVIDIA GPU Computing Toolkit\CUDA\v12.1\include\driver_types.h(1327): warning C4819: 현재 코드 페이지(949)에서 표시할 수 없는 문자가 파일에 들어 있습니다. 데이터가 손실되지 않게 하려면 해당 파일을 유니코드 형식으로 저장하십시오.
C:\Program Files\NVIDIA GPU Computing Toolkit\CUDA\v12.1\include\driver_types.h(1327): warning C4819: 현재 코드 페이지(949)에서 표시할 수 없는 문자가 파일에 들어 있습니다. 데이터가 손실되지 않게 하려면 해당 파일을 유니코드 형식으로 저장하십시오.
C:\Program Files\NVIDIA GPU Computing Toolkit\CUDA\v12.1\include\cuda_runtime_api.h(11294): warning C4819: 현재 코드 페이지(949)에서 표시할 수 없는 문자가 파일에 들어 있습니다. 데이터가 손실되지 않게 하려면 해당 파일을 유니코드 형식으로 저장하십시오.
C:\Program Files\NVIDIA GPU Computing Toolkit\CUDA\v12.1\include\cuda_runtime_api.h(11294): warning C4819: 현재 코드 페이지(949)에서 표시할 수 없는 문자가 파일에 들어 있습니다. 데이터가 손실되지 않게 하려면 해당 파일을 유니코드 형식으로 저장하십시오.
C:\Program Files\NVIDIA GPU Computing Toolkit\CUDA\v12.1\include\driver_types.h(1327): warning C4819: 현재 코드 페이지(949)에서 표시할 수 없는 문자가 파일에 들어 있습니다. 데이터가 손실되지 않게 하려면 해당 파일을 유니코드 형식으로 저장하십시오.
C:\Program Files\NVIDIA GPU Computing Toolkit\CUDA\v12.1\include\driver_types.h(1327): warning C4819: 현재 코드 페이지(949)에서 표시할 수 없는 문자가 파일에 들어 있습니다. 데이터가 손실되지 않게 하려면 해당 파일을 유니코드 형식으로 저장하십시오.
C:\Program Files\NVIDIA GPU Computing Toolkit\CUDA\v12.1\include\driver_types.h(1327): warning C4819: 현재 코드 페이지(949)에서 표시할 수 없는 문자가 파일에 들어 있습니다. 데이터가 손실되지 않게 하려면 해당 파일을 유니코드 형식으로 저장하십시오.
C:\Program Files\NVIDIA GPU Computing Toolkit\CUDA\v12.1\include\driver_types.h(1327): warning C4819: 현재 코드 페이지(949)에서 표시할 수 없는 문자가 파일에 들어 있습니다. 데이터가 손실되지 않게 하려면 해당 파일을 유니코드 형식으로 저장하십시오.
C:\Program Files\NVIDIA GPU Computing Toolkit\CUDA\v12.1\include\driver_types.h(1327): warning C4819: 현재 코드 페이지(949)에서 표시할 수 없는 문자가 파일에 들어 있습니다. 데이터가 손실되지 않게 하려면 해당 파일을 유니코드 형식으로 저장하십시오.
C:\Program Files\NVIDIA GPU Computing Toolkit\CUDA\v12.1\include\cuda_runtime_api.h(11294): warning C4819: 현재 코드 페이지(949)에서 표시할 수 없는 문자가 파일에 들어 있습니다. 데이터가 손실되지 않게 하려면 해당 파일을 유니코드 형식으로 저장하십시오.
C:\Program Files\NVIDIA GPU Computing Toolkit\CUDA\v12.1\include\cuda_runtime_api.h(11294): warning C4819: 현재 코드 페이지(949)에서 표시할 수 없는 문자가 파일에 들어 있습니다. 데이터가 손실되지 않게 하려면 해당 파일을 유니코드 형식으로 저장하십시오.
C:\Program Files\NVIDIA GPU Computing Toolkit\CUDA\v12.1\include\cuda_runtime_api.h(11294): warning C4819: 현재 코드 페이지(949)에서 표시할 수 없는 문자가 파일에 들어 있습니다. 데이터가 손실되지 않게 하려면 해당 파일을 유니코드 형식으로 저장하십시오.
C:\Program Files\NVIDIA GPU Computing Toolkit\CUDA\v12.1\include\cuda_runtime_api.h(11294): warning C4819: 현재 코드 페이지(949)에서 표시할 수 없는 문자가 파일에 들어 있습니다. 데이터가 손실되지 않게 하려면 해당 파일을 유니코드 형식으로 저장하십시오.
C:\Program Files\NVIDIA GPU Computing Toolkit\CUDA\v12.1\include\driver_types.h(1327): warning C4819: 현재 코드 페이지(949)에서 표시할 수 없는 문자가 파일에 들어 있습니다. 데이터가 손실되지 않게 하려면 해당 파일을 유니코드 형식으로 저장하십시오.
C:\Program Files\NVIDIA GPU Computing Toolkit\CUDA\v12.1\include\driver_types.h(1327): warning C4819: 현재 코드 페이지(949)에서 표시할 수 없는 문자가 파일에 들어 있습니다. 데이터가 손실되지 않게 하려면 해당 파일을 유니코드 형식으로 저장하십시오.
C:\Program Files\NVIDIA GPU Computing Toolkit\CUDA\v12.1\include\cuda_runtime_api.h(11294): warning C4819: 현재 코드 페이지(949)에서 표시할 수 없는 문자가 파일에 들어 있습니다. 데이터가 손실되지 않게 하려면 해당 파일을 유니코드 형식으로 저장하십시오.
C:\Program Files\NVIDIA GPU Computing Toolkit\CUDA\v12.1\include\cuda_runtime_api.h(11294): warning C4819: 현재 코드 페이지(949)에서 표시할 수 없는 문자가 파일에 들어 있습니다. 데이터가 손실되지 않게 하려면 해당 파일을 유니코드 형식으로 저장하십시오.
C:\Program Files\NVIDIA GPU Computing Toolkit\CUDA\v12.1\include\cuda_runtime_api.h(11294): warning C4819: 현재 코드 페이지(949)에서 표시할 수 없는 문자가 파일에 들어 있습니다. 데이터가 손실되지 않게 하려면 해당 파일을 유니코드 형식으로 저장하십시오.
C:\Program Files\NVIDIA GPU Computing Toolkit\CUDA\v12.1\include\cuda_runtime_api.h(11294): warning C4819: 현재 코드 페이지(949)에서 표시할 수 없는 문자가 파일에 들어 있습니다. 데이터가 손실되지 않게 하려면 해당 파일을 유니코드 형식으로 저장하십시오.
C:\Program Files\NVIDIA GPU Computing Toolkit\CUDA\v12.1\include\cuda_runtime_api.h(11294): warning C4819: 현재 코드 페이지(949)에서 표시할 수 없는 문자가 파일에 들어 있습니다. 데이터가 손실되지 않게 하려면 해당 파일을 유니코드 형식으로 저장하십시오.
C:\Program Files\NVIDIA GPU Computing Toolkit\CUDA\v12.1\include\cuda_runtime_api.h(11294): warning C4819: 현재 코드 페이지(949)에서 표시할 수 없는 문자가 파일에 들어 있습니다. 데이터가 손실되지 않게 하려면 해당 파일을 유니코드 형식으로 저장하십시오.
C:\Program Files\NVIDIA GPU Computing Toolkit\CUDA\v12.1\include\cuda_runtime_api.h(11294): warning C4819: 현재 코드 페이지(949)에서 표시할 수 없는 문자가 파일에 들어 있습니다. 데이터가 손실되지 않게 하려면 해당 파일을 유니코드 형식으로 저장하십시오.
C:\Program Files\NVIDIA GPU Computing Toolkit\CUDA\v12.1\include\cuda_runtime_api.h(11294): warning C4819: 현재 코드 페이지(949)에서 표시할 수 없는 문자가 파일에 들어 있습니다. 데이터가 손실되지 않게 하려면 해당 파일을 유니코드 형식으로 저장하십시오.
C:\Program Files\NVIDIA GPU Computing Toolkit\CUDA\v12.1\include\cuda_runtime_api.h(11294): warning C4819: 현재 코드 페이지(949)에서 표시할 수 없는 문자가 파일에 들어 있습니다. 데이터가 손실되지 않게 하려면 해당 파일을 유니코드 형식으로 저장하십시오.
C:\Program Files\NVIDIA GPU Computing Toolkit\CUDA\v12.1\include\cuda_runtime_api.h(11294): warning C4819: 현재 코드 페이지(949)에서 표시할 수 없는 문자가 파일에 들어 있습니다. 데이터가 손실되지 않게 하려면 해당 파일을 유니코드 형식으로 저장하십시오.
C:\Program Files\NVIDIA GPU Computing Toolkit\CUDA\v12.1\include\cuda_runtime_api.h(11294): warning C4819: 현재 코드 페이지(949)에서 표시할 수 없는 문자가 파일에 들어 있습니다. 데이터가 손실되지 않게 하려면 해당 파일을 유니코드 형식으로 저장하십시오.
C:\Program Files\NVIDIA GPU Computing Toolkit\CUDA\v12.1\include\cuda_runtime_api.h(11294): warning C4819: 현재 코드 페이지(949)에서 표시할 수 없는 문자가 파일에 들어 있습니다. 데이터가 손실되지 않게 하려면 해당 파일을 유니코드 형식으로 저장하십시오.
C:\Users\jw\Desktop\CudaRuntime1\CudaRuntime1\kernel.cu(15): warning #20208-D: 'long double' is treated as 'double' in device code
        long double x=0;
        ^
  
  Remark: The warnings can be suppressed with "-diag-suppress <warning-number>"
  
C:\Users\jw\Desktop\CudaRuntime1\CudaRuntime1\kernel.cu(13): warning #177-D: variable "tid" was declared but never referenced
        int tid = blockIdx.x * blockDim.x + threadIdx.x;
            ^
  
C:\Users\jw\Desktop\CudaRuntime1\CudaRuntime1\kernel.cu(15): warning #177-D: variable "x" was declared but never referenced
        long double x=0;
                    ^
  
C:\Users\jw\Desktop\CudaRuntime1\CudaRuntime1\kernel.cu(15): warning #20208-D: 'long double' is treated as 'double' in device code
  
  kernel.cu
  tmpxft_00005300_00000000-7_kernel.cudafe1.cpp
C:\Program Files\NVIDIA GPU Computing Toolkit\CUDA\v12.1\include\driver_types.h(1327): warning C4819: 현재 코드 페이지(949)에서 표시할 수 없는 문자가 파일에 들어 있습니다. 데이터가 손실되지 않게 하려면 해당 파일을 유니코드 형식으로 저장하십시오.
C:\Program Files\NVIDIA GPU Computing Toolkit\CUDA\v12.1\include\driver_types.h(1327): warning C4819: 현재 코드 페이지(949)에서 표시할 수 없는 문자가 파일에 들어 있습니다. 데이터가 손실되지 않게 하려면 해당 파일을 유니코드 형식으로 저장하십시오.
C:\Program Files\NVIDIA GPU Computing Toolkit\CUDA\v12.1\include\driver_types.h(1327): warning C4819: 현재 코드 페이지(949)에서 표시할 수 없는 문자가 파일에 들어 있습니다. 데이터가 손실되지 않게 하려면 해당 파일을 유니코드 형식으로 저장하십시오.
     C:\Users\jw\Desktop\CudaRuntime1\x64\Debug\CudaRuntime1.lib 라이브러리 및 C:\Users\jw\Desktop\CudaRuntime1\x64\Debug\CudaRuntime1.exp 개체를 생성하고 있습니다.
LINK : warning LNK4098: 'LIBCMT' defaultlib가 다른 라이브러리와 충돌합니다. /NODEFAULTLIB:library를 사용하십시오.
  CudaRuntime1.vcxproj -> C:\Users\jw\Desktop\CudaRuntime1\x64\Debug\CudaRuntime1.exe
